/TVLSI_WORK/Ginisha/testing_file/Modules_TB/chain_of_thought_int8_qwen2_5_1/fft_module.v:12: error: Unknown module type: fft_module
2 error(s) during elaboration.
*** These modules were missing:
        fft_module referenced 1 times.
***

/TVLSI_WORK/Ginisha/testing_file/Modules_TB/zero_shot_float16_qwen2_5_14b/fft_module.v:38: warning: Extra digits given for sized hex constant.
/TVLSI_WORK/Ginisha/testing_file/Modules_TB/zero_shot_float16_qwen2_5_14b/fft_module.v:38: warning: Numeric constant truncated to 12 bits.
/TVLSI_WORK/Ginisha/testing_file/Modules_TB/zero_shot_float16_qwen2_5_14b/fft_module.v:41: syntax error
/TVLSI_WORK/Ginisha/testing_file/Modules_TB/zero_shot_float16_qwen2_5_14b/fft_module.v:41: error: Malformed statement

/TVLSI_WORK/Ginisha/testing_file/Modules_TB/chain_of_thought_float16_qwen2_/fft_module.v:12: error: Unknown module type: fft_module
2 error(s) during elaboration.
*** These modules were missing:
        fft_module referenced 1 times.
***

/TVLSI_WORK/Ginisha/testing_file/Modules_TB/few_shot_int4_gemma2_9b/fft_module.v:17: error: Unknown module type: fft_module
2 error(s) during elaboration.
*** These modules were missing:
        fft_module referenced 1 times.
***

/TVLSI_WORK/Ginisha/testing_file/Modules_TB/chain_of_thought_int4_qwen2_5_1/fft_module.v:45: syntax error
I give up.

/TVLSI_WORK/Ginisha/testing_file/Modules_TB/few_shot_int4_llama3_8b/fft_module.v:17: error: Unknown module type: fft_module
2 error(s) during elaboration.
*** These modules were missing:
        fft_module referenced 1 times.
***

/TVLSI_WORK/Ginisha/testing_file/Modules_TB/few_shot_int8_llama3_8b/fft_module.v:17: error: Unknown module type: fft_module
2 error(s) during elaboration.
*** These modules were missing:
        fft_module referenced 1 times.
***

/TVLSI_WORK/Ginisha/testing_file/Modules_TB/few_shot_float16_qwen2_5_14b/fft_module.v:23: error: Unknown module type: fft_module
2 error(s) during elaboration.
*** These modules were missing:
        fft_module referenced 1 times.
***

/TVLSI_WORK/Ginisha/testing_file/Modules_TB/zero_shot_int8_qwen2_5_14b/fft_module.v:12: error: Unknown module type: fft_module
2 error(s) during elaboration.
*** These modules were missing:
        fft_module referenced 1 times.
***

/TVLSI_WORK/Ginisha/testing_file/Modules_TB/few_shot_float16_llama3_8b/fft_module.v:42: syntax error
/TVLSI_WORK/Ginisha/testing_file/Modules_TB/few_shot_float16_llama3_8b/fft_module.v:42: error: Malformed statement

/TVLSI_WORK/Ginisha/testing_file/Modules_TB/few_shot_float16_gemma2_9b/fft_module.v:18: error: Unknown module type: fft_module
2 error(s) during elaboration.
*** These modules were missing:
        fft_module referenced 1 times.
***

/TVLSI_WORK/Ginisha/testing_file/Modules_TB/few_shot_int8_qwen2_5_14b/fft_module.v:20: error: Unknown module type: fft_module
2 error(s) during elaboration.
*** These modules were missing:
        fft_module referenced 1 times.
***

/TVLSI_WORK/Ginisha/testing_file/Modules_TB/zero_shot_int4_qwen2_5_14b/fft_module.v:15: error: Unknown module type: fft_module
2 error(s) during elaboration.
*** These modules were missing:
        fft_module referenced 1 times.
***

/TVLSI_WORK/Ginisha/testing_file/Modules_TB/few_shot_int4_qwen2_5_14b/fft_module.v:44: warning: Numeric constant truncated to 10 bits.
/TVLSI_WORK/Ginisha/testing_file/Modules_TB/few_shot_int4_qwen2_5_14b/fft_module.v:45: warning: Numeric constant truncated to 10 bits.
/TVLSI_WORK/Ginisha/testing_file/Modules_TB/few_shot_int4_qwen2_5_14b/fft_module.v:46: warning: Numeric constant truncated to 10 bits.
/TVLSI_WORK/Ginisha/testing_file/Modules_TB/few_shot_int4_qwen2_5_14b/fft_module.v:11: error: Unknown module type: fft_module
2 error(s) during elaboration.
*** These modules were missing:
        fft_module referenced 1 times.
***

/TVLSI_WORK/Ginisha/testing_file/Modules_TB/few_shot_int8_gemma2_9b/fft_module.v:23: error: Unknown module type: fft_module
2 error(s) during elaboration.
*** These modules were missing:
        fft_module referenced 1 times.
***

