/TVLSI_WORK/Ginisha/testing_file/Modules_TB/chain_of_thought_int8_qwen2_5_1/parameterized_divider.v:34: error: Unknown module type: param_divider
2 error(s) during elaboration.
*** These modules were missing:
        param_divider referenced 1 times.
***

/TVLSI_WORK/Ginisha/testing_file/Modules_TB/chain_of_thought_float16_llama3/parameterized_divider.v:10: error: Unknown module type: param_divider
2 error(s) during elaboration.
*** These modules were missing:
        param_divider referenced 1 times.
***

/TVLSI_WORK/Ginisha/testing_file/Modules_TB/zero_shot_float16_qwen2_5_14b/parameterized_divider.v:8: error: Unknown module type: param_divider
2 error(s) during elaboration.
*** These modules were missing:
        param_divider referenced 1 times.
***

/TVLSI_WORK/Ginisha/testing_file/Modules_TB/chain_of_thought_int4_llama3_8b/parameterized_divider.v:9: error: Unknown module type: param_divider
2 error(s) during elaboration.
*** These modules were missing:
        param_divider referenced 1 times.
***

/TVLSI_WORK/Ginisha/testing_file/Modules_TB/chain_of_thought_float16_qwen2_/parameterized_divider.v:22: error: Unknown module type: param_divider
2 error(s) during elaboration.
*** These modules were missing:
        param_divider referenced 1 times.
***

/TVLSI_WORK/Ginisha/testing_file/Modules_TB/zero_shot_int4_llama3_8b/parameterized_divider.v:9: error: Unknown module type: param_divider
2 error(s) during elaboration.
*** These modules were missing:
        param_divider referenced 1 times.
***

/TVLSI_WORK/Ginisha/testing_file/Modules_TB/few_shot_int4_gemma2_9b/parameterized_divider.v:11: error: Unknown module type: param_divider
2 error(s) during elaboration.
*** These modules were missing:
        param_divider referenced 1 times.
***

/TVLSI_WORK/Ginisha/testing_file/Modules_TB/chain_of_thought_int4_qwen2_5_1/parameterized_divider.v:24: error: Unknown module type: param_divider
2 error(s) during elaboration.
*** These modules were missing:
        param_divider referenced 1 times.
***

/TVLSI_WORK/Ginisha/testing_file/Modules_TB/chain_of_thought_int8_llama3_8b/parameterized_divider.v:43: warning: Numeric constant truncated to 16 bits.
/TVLSI_WORK/Ginisha/testing_file/Modules_TB/chain_of_thought_int8_llama3_8b/parameterized_divider.v:53: warning: Numeric constant truncated to 16 bits.
/TVLSI_WORK/Ginisha/testing_file/Modules_TB/chain_of_thought_int8_llama3_8b/parameterized_divider.v:10: error: Unknown module type: param_divider
2 error(s) during elaboration.
*** These modules were missing:
        param_divider referenced 1 times.
***

/TVLSI_WORK/Ginisha/testing_file/Modules_TB/few_shot_int4_llama3_8b/parameterized_divider.v:11: error: Unknown module type: param_divider
2 error(s) during elaboration.
*** These modules were missing:
        param_divider referenced 1 times.
***

/TVLSI_WORK/Ginisha/testing_file/Modules_TB/few_shot_int8_llama3_8b/parameterized_divider.v:11: error: Unknown module type: param_divider
2 error(s) during elaboration.
*** These modules were missing:
        param_divider referenced 1 times.
***

/TVLSI_WORK/Ginisha/testing_file/Modules_TB/zero_shot_float16_llama3_8b/parameterized_divider.v:34: syntax error
/TVLSI_WORK/Ginisha/testing_file/Modules_TB/zero_shot_float16_llama3_8b/parameterized_divider.v:34: error: Invalid module item.
/TVLSI_WORK/Ginisha/testing_file/Modules_TB/zero_shot_float16_llama3_8b/parameterized_divider.v:34: syntax error
/TVLSI_WORK/Ginisha/testing_file/Modules_TB/zero_shot_float16_llama3_8b/parameterized_divider.v:34: error: Invalid module item.

/TVLSI_WORK/Ginisha/testing_file/Modules_TB/few_shot_float16_qwen2_5_14b/parameterized_divider.v:11: error: Unknown module type: param_divider
2 error(s) during elaboration.
*** These modules were missing:
        param_divider referenced 1 times.
***

/TVLSI_WORK/Ginisha/testing_file/Modules_TB/zero_shot_int8_qwen2_5_14b/parameterized_divider.v:8: error: Unknown module type: param_divider
2 error(s) during elaboration.
*** These modules were missing:
        param_divider referenced 1 times.
***

/TVLSI_WORK/Ginisha/testing_file/Modules_TB/few_shot_float16_llama3_8b/parameterized_divider.v:11: error: Unknown module type: param_divider
2 error(s) during elaboration.
*** These modules were missing:
        param_divider referenced 1 times.
***

/TVLSI_WORK/Ginisha/testing_file/Modules_TB/few_shot_float16_gemma2_9b/parameterized_divider.v:11: error: Unknown module type: param_divider
2 error(s) during elaboration.
*** These modules were missing:
        param_divider referenced 1 times.
***

/TVLSI_WORK/Ginisha/testing_file/Modules_TB/few_shot_int8_qwen2_5_14b/parameterized_divider.v:11: error: Unknown module type: param_divider
2 error(s) during elaboration.
*** These modules were missing:
        param_divider referenced 1 times.
***

/TVLSI_WORK/Ginisha/testing_file/Modules_TB/zero_shot_int4_qwen2_5_14b/parameterized_divider.v:9: error: Unknown module type: param_divider
2 error(s) during elaboration.
*** These modules were missing:
        param_divider referenced 1 times.
***

/TVLSI_WORK/Ginisha/testing_file/Modules_TB/few_shot_int4_qwen2_5_14b/parameterized_divider.v:11: error: Unknown module type: param_divider
2 error(s) during elaboration.
*** These modules were missing:
        param_divider referenced 1 times.
***

/TVLSI_WORK/Ginisha/testing_file/Modules_TB/few_shot_int8_gemma2_9b/parameterized_divider.v:11: error: Unknown module type: param_divider
2 error(s) during elaboration.
*** These modules were missing:
        param_divider referenced 1 times.
***

